  Source.cpp
C:\Users\38097\source\repos\test_for24\test_for24\Source.cpp(75,9): error C3861: 'func1': identifier not found
C:\Users\38097\source\repos\test_for24\test_for24\Source.cpp(76,9): error C3861: 'func2': identifier not found
C:\Users\38097\source\repos\test_for24\test_for24\Source.cpp(78,46): error C2059: syntax error: ')'
C:\Users\38097\source\repos\test_for24\test_for24\Source.cpp(78,48): error C2143: syntax error: missing ';' before '{'
C:\Users\38097\source\repos\test_for24\test_for24\Source.cpp(81,5): error C2181: illegal else without matching if
C:\Users\38097\source\repos\test_for24\test_for24\Source.cpp(81,51): error C2059: syntax error: ')'
C:\Users\38097\source\repos\test_for24\test_for24\Source.cpp(81,53): error C2143: syntax error: missing ';' before '{'
C:\Users\38097\source\repos\test_for24\test_for24\Source.cpp(84,5): error C2181: illegal else without matching if
C:\Users\38097\source\repos\test_for24\test_for24\Source.cpp(84,51): error C2059: syntax error: ')'
C:\Users\38097\source\repos\test_for24\test_for24\Source.cpp(84,53): error C2143: syntax error: missing ';' before '{'
C:\Users\38097\source\repos\test_for24\test_for24\Source.cpp(87,5): error C2181: illegal else without matching if
C:\Users\38097\source\repos\test_for24\test_for24\Source.cpp(87,51): error C2059: syntax error: ')'
C:\Users\38097\source\repos\test_for24\test_for24\Source.cpp(87,53): error C2143: syntax error: missing ';' before '{'
